<?xml version="1.0" encoding="UTF-8"?>
<!-- Generated by org.testng.reporters.JUnitReportReporter -->
<testsuite hostname="DESKTOP-FB80D9H" failures="0" tests="2" name="com.mystore.testcases.IndexPageTest" time="10.908" errors="0" timestamp="2022-05-25T17:18:47 PDT" skipped="0">
  <testcase classname="com.mystore.testcases.IndexPageTest" name="verifyTitle" time="5.586"/>
  <system-out/>
  <testcase classname="com.mystore.testcases.IndexPageTest" name="verifyLogo" time="5.322"/>
  <system-out/>
</testsuite> <!-- com.mystore.testcases.IndexPageTest -->
