<?xml version="1.0" encoding="UTF-8"?>
<!-- Generated by org.testng.reporters.JUnitReportReporter -->
<testsuite hostname="DESKTOP-FB80D9H" failures="0" tests="2" name="com.mystore.testcases.HomePageTest" time="36.592" errors="0" timestamp="2022-05-25T17:18:47 PDT" skipped="0">
  <testcase classname="com.mystore.testcases.HomePageTest" name="orderHistoryandDetailsTest" time="16.277"/>
  <system-out/>
  <testcase classname="com.mystore.testcases.HomePageTest" name="wishListTest" time="20.315"/>
  <system-out/>
</testsuite> <!-- com.mystore.testcases.HomePageTest -->
