<?xml version="1.0" encoding="UTF-8"?>
<!-- Generated by org.testng.reporters.JUnitReportReporter -->
<testsuite hostname="DESKTOP-FB80D9H" failures="0" tests="1" name="com.mystore.testcases.AddToCartPageTest" time="17.169" errors="0" timestamp="2022-05-25T17:15:17 PDT" skipped="0">
  <testcase classname="com.mystore.testcases.AddToCartPageTest" name="addToCartTest" time="17.169"/>
  <system-out/>
</testsuite> <!-- com.mystore.testcases.AddToCartPageTest -->
