<?xml version="1.0" encoding="UTF-8"?>
<!-- Generated by org.testng.reporters.JUnitReportReporter -->
<testsuite hostname="DESKTOP-FB80D9H" failures="0" tests="1" name="com.mystore.testcases.SearchResultPageTest" time="10.502" errors="0" timestamp="2022-05-25T17:18:47 PDT" skipped="0">
  <testcase classname="com.mystore.testcases.SearchResultPageTest" name="productAvailabilityTest" time="10.502"/>
  <system-out/>
</testsuite> <!-- com.mystore.testcases.SearchResultPageTest -->
